
> woodward-st-bakery@1.0.0 dev
> next dev

  Γû▓ Next.js 14.2.33
  - Local:        http://localhost:3000

 Γ£ô Starting...
 Γ£ô Ready in 6.8s
 Γùï Compiling / ...
 Γ£ô Compiled / in 19.4s (1302 modules)
 GET / 200 in 21723ms
 Γ£ô Compiled in 2.3s (641 modules)
 Γùï Compiling /gallery-events ...
 Γ£ô Compiled /gallery-events in 1753ms (1259 modules)
 Γùï Compiling /about ...
 Γ£ô Compiled /about in 704ms (1267 modules)
 Γùï Compiling /contact ...
 Γ£ô Compiled /contact in 798ms (1275 modules)
 Γùï Compiling /_not-found ...
 Γ£ô Compiled /_not-found in 10.1s (1292 modules)
 GET /.well-known/appspecific/com.chrome.devtools.json 404 in 10669ms
 Γ£ô Compiled in 6.8s (1289 modules)
 GET / 200 in 1571ms
 Γùï Compiling /_not-found ...
 Γ£ô Compiled /_not-found in 3.1s (1278 modules)
 GET / 404 in 5478ms
 Γ£ô Compiled in 6.1s (1292 modules)
 GET /_next/static/css/app/layout.css?v=1762267681063 404 in 5955ms
 GET /_next/static/chunks/app-pages-internals.js 404 in 5990ms
 GET /_next/static/chunks/main-app.js?v=1762267681063 404 in 5990ms
 GET / 200 in 670ms
 GET /_next/static/css/app/layout.css?v=1762267690850 404 in 109ms
 GET /_next/static/css/app/page.css?v=1762267690850 404 in 126ms
 GET /_next/static/chunks/main-app.js?v=1762267690850 404 in 166ms
 GET /_next/static/chunks/app-pages-internals.js 404 in 153ms
